INFO: [VRFC 10-2263] Analyzing Verilog file "D:/xilinx/vivado/final1/final1.sim/sim_1/synth/timing/xsim/design_1_wrapper_time_synth.v" into library xil_defaultlib
INFO: [VRFC 10-311] analyzing module RAM32M_UNIQ_BASE_
INFO: [VRFC 10-311] analyzing module RAM32M_HD2
INFO: [VRFC 10-311] analyzing module RAM32X1D_UNIQ_BASE_
INFO: [VRFC 10-311] analyzing module RAM32X1D_HD1
INFO: [VRFC 10-311] analyzing module design_1
INFO: [VRFC 10-311] analyzing module design_1_auto_pc_0
INFO: [VRFC 10-311] analyzing module design_1_auto_pc_0_axi_protocol_converter_v2_1_25_axi_protocol_converter
INFO: [VRFC 10-311] analyzing module design_1_auto_pc_0_axi_protocol_converter_v2_1_25_b2s
INFO: [VRFC 10-311] analyzing module design_1_auto_pc_0_axi_protocol_converter_v2_1_25_b2s_ar_channel
INFO: [VRFC 10-311] analyzing module design_1_auto_pc_0_axi_protocol_converter_v2_1_25_b2s_aw_channel
INFO: [VRFC 10-311] analyzing module design_1_auto_pc_0_axi_protocol_converter_v2_1_25_b2s_b_channel
INFO: [VRFC 10-311] analyzing module design_1_auto_pc_0_axi_protocol_converter_v2_1_25_b2s_cmd_translator
INFO: [VRFC 10-311] analyzing module design_1_auto_pc_0_axi_protocol_converter_v2_1_25_b2s_cmd_translator_1
INFO: [VRFC 10-311] analyzing module design_1_auto_pc_0_axi_protocol_converter_v2_1_25_b2s_incr_cmd
INFO: [VRFC 10-311] analyzing module design_1_auto_pc_0_axi_protocol_converter_v2_1_25_b2s_incr_cmd_2
INFO: [VRFC 10-311] analyzing module design_1_auto_pc_0_axi_protocol_converter_v2_1_25_b2s_r_channel
INFO: [VRFC 10-311] analyzing module design_1_auto_pc_0_axi_protocol_converter_v2_1_25_b2s_rd_cmd_fsm
INFO: [VRFC 10-311] analyzing module design_1_auto_pc_0_axi_protocol_converter_v2_1_25_b2s_simple_fifo
INFO: [VRFC 10-311] analyzing module design_1_auto_pc_0_axi_protocol_converter_v2_1_25_b2s_simple_fifo__parameterized0
INFO: [VRFC 10-311] analyzing module design_1_auto_pc_0_axi_protocol_converter_v2_1_25_b2s_simple_fifo__parameterized1
INFO: [VRFC 10-311] analyzing module design_1_auto_pc_0_axi_protocol_converter_v2_1_25_b2s_simple_fifo__parameterized2
INFO: [VRFC 10-311] analyzing module design_1_auto_pc_0_axi_protocol_converter_v2_1_25_b2s_wr_cmd_fsm
INFO: [VRFC 10-311] analyzing module design_1_auto_pc_0_axi_protocol_converter_v2_1_25_b2s_wrap_cmd
INFO: [VRFC 10-311] analyzing module design_1_auto_pc_0_axi_protocol_converter_v2_1_25_b2s_wrap_cmd_3
INFO: [VRFC 10-311] analyzing module design_1_auto_pc_0_axi_register_slice_v2_1_25_axi_register_slice
INFO: [VRFC 10-311] analyzing module design_1_auto_pc_0_axi_register_slice_v2_1_25_axic_register_slice
INFO: [VRFC 10-311] analyzing module design_1_auto_pc_0_axi_register_slice_v2_1_25_axic_register_slice_0
INFO: [VRFC 10-311] analyzing module design_1_auto_pc_0_axi_register_slice_v2_1_25_axic_register_slice__parameterized1
INFO: [VRFC 10-311] analyzing module design_1_auto_pc_0_axi_register_slice_v2_1_25_axic_register_slice__parameterized2
INFO: [VRFC 10-311] analyzing module design_1_auto_pc_1
INFO: [VRFC 10-311] analyzing module design_1_auto_pc_1_axi_data_fifo_v2_1_24_axic_fifo
INFO: [VRFC 10-311] analyzing module design_1_auto_pc_1_axi_data_fifo_v2_1_24_axic_fifo__parameterized0
INFO: [VRFC 10-311] analyzing module design_1_auto_pc_1_axi_data_fifo_v2_1_24_axic_fifo__parameterized1
INFO: [VRFC 10-311] analyzing module design_1_auto_pc_1_axi_data_fifo_v2_1_24_fifo_gen
INFO: [VRFC 10-311] analyzing module design_1_auto_pc_1_axi_data_fifo_v2_1_24_fifo_gen__parameterized0
INFO: [VRFC 10-311] analyzing module design_1_auto_pc_1_axi_data_fifo_v2_1_24_fifo_gen__parameterized1
INFO: [VRFC 10-311] analyzing module design_1_auto_pc_1_axi_protocol_converter_v2_1_25_a_axi3_conv
INFO: [VRFC 10-311] analyzing module design_1_auto_pc_1_axi_protocol_converter_v2_1_25_a_axi3_conv__parameterized0
INFO: [VRFC 10-311] analyzing module design_1_auto_pc_1_axi_protocol_converter_v2_1_25_axi3_conv
INFO: [VRFC 10-311] analyzing module design_1_auto_pc_1_axi_protocol_converter_v2_1_25_axi_protocol_converter
INFO: [VRFC 10-311] analyzing module design_1_auto_pc_1_axi_protocol_converter_v2_1_25_b_downsizer
INFO: [VRFC 10-311] analyzing module design_1_auto_pc_1_axi_protocol_converter_v2_1_25_w_axi3_conv
INFO: [VRFC 10-311] analyzing module design_1_auto_pc_1_xpm_cdc_async_rst
INFO: [VRFC 10-311] analyzing module design_1_auto_pc_1_xpm_cdc_async_rst__3
INFO: [VRFC 10-311] analyzing module design_1_auto_pc_1_xpm_cdc_async_rst__4
INFO: [VRFC 10-311] analyzing module design_1_auto_us_0
INFO: [VRFC 10-311] analyzing module design_1_auto_us_0_axi_dwidth_converter_v2_1_25_a_upsizer
INFO: [VRFC 10-311] analyzing module design_1_auto_us_0_axi_dwidth_converter_v2_1_25_a_upsizer__parameterized0
INFO: [VRFC 10-311] analyzing module design_1_auto_us_0_axi_dwidth_converter_v2_1_25_axi_upsizer
INFO: [VRFC 10-311] analyzing module design_1_auto_us_0_axi_dwidth_converter_v2_1_25_r_upsizer
INFO: [VRFC 10-311] analyzing module design_1_auto_us_0_axi_dwidth_converter_v2_1_25_top
INFO: [VRFC 10-311] analyzing module design_1_auto_us_0_axi_dwidth_converter_v2_1_25_w_upsizer
INFO: [VRFC 10-311] analyzing module design_1_auto_us_0_axi_register_slice_v2_1_25_axi_register_slice
INFO: [VRFC 10-311] analyzing module design_1_auto_us_0_axi_register_slice_v2_1_25_axi_register_slice__parameterized0
INFO: [VRFC 10-311] analyzing module design_1_auto_us_0_axi_register_slice_v2_1_25_axic_register_slice
INFO: [VRFC 10-311] analyzing module design_1_auto_us_0_axi_register_slice_v2_1_25_axic_register_slice_0
INFO: [VRFC 10-311] analyzing module design_1_auto_us_0_axi_register_slice_v2_1_25_axic_register_slice__parameterized2
INFO: [VRFC 10-311] analyzing module design_1_auto_us_0_generic_baseblocks_v2_1_0_command_fifo
INFO: [VRFC 10-311] analyzing module design_1_auto_us_0_generic_baseblocks_v2_1_0_command_fifo_1
INFO: [VRFC 10-311] analyzing module design_1_auto_us_1
INFO: [VRFC 10-311] analyzing module design_1_auto_us_1_axi_dwidth_converter_v2_1_25_a_upsizer
INFO: [VRFC 10-311] analyzing module design_1_auto_us_1_axi_dwidth_converter_v2_1_25_a_upsizer__parameterized0
INFO: [VRFC 10-311] analyzing module design_1_auto_us_1_axi_dwidth_converter_v2_1_25_axi_upsizer
INFO: [VRFC 10-311] analyzing module design_1_auto_us_1_axi_dwidth_converter_v2_1_25_r_upsizer
INFO: [VRFC 10-311] analyzing module design_1_auto_us_1_axi_dwidth_converter_v2_1_25_top
INFO: [VRFC 10-311] analyzing module design_1_auto_us_1_axi_dwidth_converter_v2_1_25_w_upsizer
INFO: [VRFC 10-311] analyzing module design_1_auto_us_1_axi_register_slice_v2_1_25_axi_register_slice
INFO: [VRFC 10-311] analyzing module design_1_auto_us_1_axi_register_slice_v2_1_25_axi_register_slice__parameterized0
INFO: [VRFC 10-311] analyzing module design_1_auto_us_1_axi_register_slice_v2_1_25_axic_register_slice
INFO: [VRFC 10-311] analyzing module design_1_auto_us_1_axi_register_slice_v2_1_25_axic_register_slice_0
INFO: [VRFC 10-311] analyzing module design_1_auto_us_1_axi_register_slice_v2_1_25_axic_register_slice__parameterized2
INFO: [VRFC 10-311] analyzing module design_1_auto_us_1_generic_baseblocks_v2_1_0_command_fifo
INFO: [VRFC 10-311] analyzing module design_1_auto_us_1_generic_baseblocks_v2_1_0_command_fifo_1
INFO: [VRFC 10-311] analyzing module design_1_auto_us_2
INFO: [VRFC 10-311] analyzing module design_1_auto_us_2_axi_dwidth_converter_v2_1_25_a_upsizer
INFO: [VRFC 10-311] analyzing module design_1_auto_us_2_axi_dwidth_converter_v2_1_25_a_upsizer__parameterized0
INFO: [VRFC 10-311] analyzing module design_1_auto_us_2_axi_dwidth_converter_v2_1_25_axi_upsizer
INFO: [VRFC 10-311] analyzing module design_1_auto_us_2_axi_dwidth_converter_v2_1_25_r_upsizer
INFO: [VRFC 10-311] analyzing module design_1_auto_us_2_axi_dwidth_converter_v2_1_25_top
INFO: [VRFC 10-311] analyzing module design_1_auto_us_2_axi_dwidth_converter_v2_1_25_w_upsizer
INFO: [VRFC 10-311] analyzing module design_1_auto_us_2_axi_register_slice_v2_1_25_axi_register_slice
INFO: [VRFC 10-311] analyzing module design_1_auto_us_2_axi_register_slice_v2_1_25_axi_register_slice__parameterized0
INFO: [VRFC 10-311] analyzing module design_1_auto_us_2_axi_register_slice_v2_1_25_axic_register_slice
INFO: [VRFC 10-311] analyzing module design_1_auto_us_2_axi_register_slice_v2_1_25_axic_register_slice_0
INFO: [VRFC 10-311] analyzing module design_1_auto_us_2_axi_register_slice_v2_1_25_axic_register_slice__parameterized2
INFO: [VRFC 10-311] analyzing module design_1_auto_us_2_generic_baseblocks_v2_1_0_command_fifo
INFO: [VRFC 10-311] analyzing module design_1_auto_us_2_generic_baseblocks_v2_1_0_command_fifo_1
INFO: [VRFC 10-311] analyzing module design_1_auto_us_3
INFO: [VRFC 10-311] analyzing module design_1_auto_us_3_axi_dwidth_converter_v2_1_25_a_upsizer
INFO: [VRFC 10-311] analyzing module design_1_auto_us_3_axi_dwidth_converter_v2_1_25_a_upsizer__parameterized0
INFO: [VRFC 10-311] analyzing module design_1_auto_us_3_axi_dwidth_converter_v2_1_25_axi_upsizer
INFO: [VRFC 10-311] analyzing module design_1_auto_us_3_axi_dwidth_converter_v2_1_25_r_upsizer
INFO: [VRFC 10-311] analyzing module design_1_auto_us_3_axi_dwidth_converter_v2_1_25_top
INFO: [VRFC 10-311] analyzing module design_1_auto_us_3_axi_dwidth_converter_v2_1_25_w_upsizer
INFO: [VRFC 10-311] analyzing module design_1_auto_us_3_axi_register_slice_v2_1_25_axi_register_slice
INFO: [VRFC 10-311] analyzing module design_1_auto_us_3_axi_register_slice_v2_1_25_axi_register_slice__parameterized0
INFO: [VRFC 10-311] analyzing module design_1_auto_us_3_axi_register_slice_v2_1_25_axic_register_slice
INFO: [VRFC 10-311] analyzing module design_1_auto_us_3_axi_register_slice_v2_1_25_axic_register_slice_0
INFO: [VRFC 10-311] analyzing module design_1_auto_us_3_axi_register_slice_v2_1_25_axic_register_slice__parameterized2
INFO: [VRFC 10-311] analyzing module design_1_auto_us_3_generic_baseblocks_v2_1_0_command_fifo
INFO: [VRFC 10-311] analyzing module design_1_auto_us_3_generic_baseblocks_v2_1_0_command_fifo_1
INFO: [VRFC 10-311] analyzing module design_1_auto_us_4
INFO: [VRFC 10-311] analyzing module design_1_auto_us_4_axi_dwidth_converter_v2_1_25_a_upsizer
INFO: [VRFC 10-311] analyzing module design_1_auto_us_4_axi_dwidth_converter_v2_1_25_a_upsizer__parameterized0
INFO: [VRFC 10-311] analyzing module design_1_auto_us_4_axi_dwidth_converter_v2_1_25_axi_upsizer
INFO: [VRFC 10-311] analyzing module design_1_auto_us_4_axi_dwidth_converter_v2_1_25_r_upsizer
INFO: [VRFC 10-311] analyzing module design_1_auto_us_4_axi_dwidth_converter_v2_1_25_top
INFO: [VRFC 10-311] analyzing module design_1_auto_us_4_axi_dwidth_converter_v2_1_25_w_upsizer
INFO: [VRFC 10-311] analyzing module design_1_auto_us_4_axi_register_slice_v2_1_25_axi_register_slice
INFO: [VRFC 10-311] analyzing module design_1_auto_us_4_axi_register_slice_v2_1_25_axi_register_slice__parameterized0
INFO: [VRFC 10-311] analyzing module design_1_auto_us_4_axi_register_slice_v2_1_25_axic_register_slice
INFO: [VRFC 10-311] analyzing module design_1_auto_us_4_axi_register_slice_v2_1_25_axic_register_slice_0
INFO: [VRFC 10-311] analyzing module design_1_auto_us_4_axi_register_slice_v2_1_25_axic_register_slice__parameterized2
INFO: [VRFC 10-311] analyzing module design_1_auto_us_4_generic_baseblocks_v2_1_0_command_fifo
INFO: [VRFC 10-311] analyzing module design_1_auto_us_4_generic_baseblocks_v2_1_0_command_fifo_1
INFO: [VRFC 10-311] analyzing module design_1_auto_us_5
INFO: [VRFC 10-311] analyzing module design_1_auto_us_5_axi_dwidth_converter_v2_1_25_a_upsizer
INFO: [VRFC 10-311] analyzing module design_1_auto_us_5_axi_dwidth_converter_v2_1_25_a_upsizer__parameterized0
INFO: [VRFC 10-311] analyzing module design_1_auto_us_5_axi_dwidth_converter_v2_1_25_axi_upsizer
INFO: [VRFC 10-311] analyzing module design_1_auto_us_5_axi_dwidth_converter_v2_1_25_r_upsizer
INFO: [VRFC 10-311] analyzing module design_1_auto_us_5_axi_dwidth_converter_v2_1_25_top
INFO: [VRFC 10-311] analyzing module design_1_auto_us_5_axi_dwidth_converter_v2_1_25_w_upsizer
INFO: [VRFC 10-311] analyzing module design_1_auto_us_5_axi_register_slice_v2_1_25_axi_register_slice
INFO: [VRFC 10-311] analyzing module design_1_auto_us_5_axi_register_slice_v2_1_25_axi_register_slice__parameterized0
INFO: [VRFC 10-311] analyzing module design_1_auto_us_5_axi_register_slice_v2_1_25_axic_register_slice
INFO: [VRFC 10-311] analyzing module design_1_auto_us_5_axi_register_slice_v2_1_25_axic_register_slice_0
INFO: [VRFC 10-311] analyzing module design_1_auto_us_5_axi_register_slice_v2_1_25_axic_register_slice__parameterized2
INFO: [VRFC 10-311] analyzing module design_1_auto_us_5_generic_baseblocks_v2_1_0_command_fifo
INFO: [VRFC 10-311] analyzing module design_1_auto_us_5_generic_baseblocks_v2_1_0_command_fifo_1
INFO: [VRFC 10-311] analyzing module design_1_axi_mem_intercon_0
INFO: [VRFC 10-311] analyzing module design_1_im2col_mat_0_0
INFO: [VRFC 10-311] analyzing module design_1_im2col_mat_0_0_im2col_mat
INFO: [VRFC 10-311] analyzing module design_1_im2col_mat_0_0_im2col_mat_control_s_axi
INFO: [VRFC 10-311] analyzing module design_1_im2col_mat_0_0_im2col_mat_flow_control_loop_pipe_sequential_init
INFO: [VRFC 10-311] analyzing module design_1_im2col_mat_0_0_im2col_mat_gmem_m_axi
INFO: [VRFC 10-311] analyzing module design_1_im2col_mat_0_0_im2col_mat_gmem_m_axi_buffer
INFO: [VRFC 10-311] analyzing module design_1_im2col_mat_0_0_im2col_mat_gmem_m_axi_buffer__parameterized0
INFO: [VRFC 10-311] analyzing module design_1_im2col_mat_0_0_im2col_mat_gmem_m_axi_fifo
INFO: [VRFC 10-311] analyzing module design_1_im2col_mat_0_0_im2col_mat_gmem_m_axi_fifo__parameterized0
INFO: [VRFC 10-311] analyzing module design_1_im2col_mat_0_0_im2col_mat_gmem_m_axi_fifo__parameterized0_10
INFO: [VRFC 10-311] analyzing module design_1_im2col_mat_0_0_im2col_mat_gmem_m_axi_fifo__parameterized1
INFO: [VRFC 10-311] analyzing module design_1_im2col_mat_0_0_im2col_mat_gmem_m_axi_fifo__parameterized1_9
INFO: [VRFC 10-311] analyzing module design_1_im2col_mat_0_0_im2col_mat_gmem_m_axi_fifo__parameterized2
INFO: [VRFC 10-311] analyzing module design_1_im2col_mat_0_0_im2col_mat_gmem_m_axi_read
INFO: [VRFC 10-311] analyzing module design_1_im2col_mat_0_0_im2col_mat_gmem_m_axi_reg_slice
INFO: [VRFC 10-311] analyzing module design_1_im2col_mat_0_0_im2col_mat_gmem_m_axi_reg_slice_11
INFO: [VRFC 10-311] analyzing module design_1_im2col_mat_0_0_im2col_mat_gmem_m_axi_reg_slice__parameterized0
INFO: [VRFC 10-311] analyzing module design_1_im2col_mat_0_0_im2col_mat_gmem_m_axi_throttle
INFO: [VRFC 10-311] analyzing module design_1_im2col_mat_0_0_im2col_mat_gmem_m_axi_write
INFO: [VRFC 10-311] analyzing module design_1_im2col_mat_0_0_im2col_mat_im2col_mat_Pipeline_VITIS_LOOP_56_7
INFO: [VRFC 10-311] analyzing module design_1_im2col_mat_0_0_im2col_mat_mac_muladd_2ns_3ns_26ns_26_4_1
INFO: [VRFC 10-311] analyzing module design_1_im2col_mat_0_0_im2col_mat_mac_muladd_2ns_3ns_26ns_26_4_1_2
INFO: [VRFC 10-311] analyzing module design_1_im2col_mat_0_0_im2col_mat_mac_muladd_2ns_3ns_26ns_26_4_1_DSP48_2
INFO: [VRFC 10-311] analyzing module design_1_im2col_mat_0_0_im2col_mat_mac_muladd_2ns_3ns_26ns_26_4_1_DSP48_2_8
INFO: [VRFC 10-311] analyzing module design_1_im2col_mat_0_0_im2col_mat_mat_in_pad_V_RAM_AUTO_1R1W
INFO: [VRFC 10-311] analyzing module design_1_im2col_mat_0_0_im2col_mat_mul_18ns_41ns_59_2_1
INFO: [VRFC 10-311] analyzing module design_1_im2col_mat_0_0_im2col_mat_mul_3ns_32ns_35_2_1
INFO: [VRFC 10-311] analyzing module design_1_im2col_mat_0_0_im2col_mat_mul_5ns_6ns_11_1_1
INFO: [VRFC 10-311] analyzing module design_1_im2col_mat_0_0_im2col_mat_mul_5ns_6ns_11_1_1_3
INFO: [VRFC 10-311] analyzing module design_1_im2col_mat_0_0_im2col_mat_mul_6ns_35ns_41_2_1
INFO: [VRFC 10-311] analyzing module design_1_im2col_mat_0_0_im2col_mat_mul_6ns_3ns_9_1_1
INFO: [VRFC 10-311] analyzing module design_1_im2col_mat_0_0_im2col_mat_mul_6s_6s_12_1_1
INFO: [VRFC 10-311] analyzing module design_1_im2col_mat_0_0_im2col_mat_mul_7s_6s_11_1_1
INFO: [VRFC 10-311] analyzing module design_1_im2col_mat_0_0_im2col_mat_mul_9ns_3ns_12_1_1
INFO: [VRFC 10-311] analyzing module design_1_im2col_mat_0_0_im2col_mat_mul_mul_12s_6s_16_4_1
INFO: [VRFC 10-311] analyzing module design_1_im2col_mat_0_0_im2col_mat_mul_mul_12s_6s_16_4_1_DSP48_3
INFO: [VRFC 10-311] analyzing module design_1_im2col_mat_0_0_im2col_mat_mul_mul_15ns_12ns_26_4_1
INFO: [VRFC 10-311] analyzing module design_1_im2col_mat_0_0_im2col_mat_mul_mul_15ns_12ns_26_4_1_4
INFO: [VRFC 10-311] analyzing module design_1_im2col_mat_0_0_im2col_mat_mul_mul_15ns_12ns_26_4_1_DSP48_0
INFO: [VRFC 10-311] analyzing module design_1_im2col_mat_0_0_im2col_mat_mul_mul_15ns_12ns_26_4_1_DSP48_0_7
INFO: [VRFC 10-311] analyzing module design_1_im2col_mat_0_0_im2col_mat_mul_mul_5ns_11s_11_4_1
INFO: [VRFC 10-311] analyzing module design_1_im2col_mat_0_0_im2col_mat_mul_mul_5ns_11s_11_4_1_5
INFO: [VRFC 10-311] analyzing module design_1_im2col_mat_0_0_im2col_mat_mul_mul_5ns_11s_11_4_1_DSP48_1
INFO: [VRFC 10-311] analyzing module design_1_im2col_mat_0_0_im2col_mat_mul_mul_5ns_11s_11_4_1_DSP48_1_6
INFO: [VRFC 10-311] analyzing module design_1_im2col_mat_0_0_im2col_mat_sdiv_8s_3s_8_12_seq_1
INFO: [VRFC 10-311] analyzing module design_1_im2col_mat_0_0_im2col_mat_sdiv_8s_3s_8_12_seq_1_0
INFO: [VRFC 10-311] analyzing module design_1_im2col_mat_0_0_im2col_mat_sdiv_8s_3s_8_12_seq_1_divseq
INFO: [VRFC 10-311] analyzing module design_1_im2col_mat_0_0_im2col_mat_sdiv_8s_3s_8_12_seq_1_divseq_1
INFO: [VRFC 10-311] analyzing module design_1_mat_add_0_0
INFO: [VRFC 10-311] analyzing module design_1_mat_add_0_0_mat_add
INFO: [VRFC 10-311] analyzing module design_1_mat_add_0_0_mat_add_control_s_axi
INFO: [VRFC 10-311] analyzing module design_1_mat_add_0_0_mat_add_gmem_m_axi
INFO: [VRFC 10-311] analyzing module design_1_mat_add_0_0_mat_add_gmem_m_axi_buffer
INFO: [VRFC 10-311] analyzing module design_1_mat_add_0_0_mat_add_gmem_m_axi_buffer__parameterized0
INFO: [VRFC 10-311] analyzing module design_1_mat_add_0_0_mat_add_gmem_m_axi_fifo
INFO: [VRFC 10-311] analyzing module design_1_mat_add_0_0_mat_add_gmem_m_axi_fifo_0
INFO: [VRFC 10-311] analyzing module design_1_mat_add_0_0_mat_add_gmem_m_axi_fifo__parameterized0
INFO: [VRFC 10-311] analyzing module design_1_mat_add_0_0_mat_add_gmem_m_axi_fifo__parameterized0_2
INFO: [VRFC 10-311] analyzing module design_1_mat_add_0_0_mat_add_gmem_m_axi_fifo__parameterized1
INFO: [VRFC 10-311] analyzing module design_1_mat_add_0_0_mat_add_gmem_m_axi_fifo__parameterized1_1
INFO: [VRFC 10-311] analyzing module design_1_mat_add_0_0_mat_add_gmem_m_axi_fifo__parameterized2
INFO: [VRFC 10-311] analyzing module design_1_mat_add_0_0_mat_add_gmem_m_axi_read
INFO: [VRFC 10-311] analyzing module design_1_mat_add_0_0_mat_add_gmem_m_axi_reg_slice
INFO: [VRFC 10-311] analyzing module design_1_mat_add_0_0_mat_add_gmem_m_axi_reg_slice_3
INFO: [VRFC 10-311] analyzing module design_1_mat_add_0_0_mat_add_gmem_m_axi_reg_slice__parameterized0
INFO: [VRFC 10-311] analyzing module design_1_mat_add_0_0_mat_add_gmem_m_axi_throttle
INFO: [VRFC 10-311] analyzing module design_1_mat_add_0_0_mat_add_gmem_m_axi_write
INFO: [VRFC 10-311] analyzing module design_1_matmul_0_0
INFO: [VRFC 10-311] analyzing module design_1_matmul_0_0_matmul
INFO: [VRFC 10-311] analyzing module design_1_matmul_0_0_matmul_control_s_axi
INFO: [VRFC 10-311] analyzing module design_1_matmul_0_0_matmul_flow_control_loop_pipe_sequential_init
INFO: [VRFC 10-311] analyzing module design_1_matmul_0_0_matmul_flow_control_loop_pipe_sequential_init_0
INFO: [VRFC 10-311] analyzing module design_1_matmul_0_0_matmul_gmem_m_axi
INFO: [VRFC 10-311] analyzing module design_1_matmul_0_0_matmul_gmem_m_axi_buffer
INFO: [VRFC 10-311] analyzing module design_1_matmul_0_0_matmul_gmem_m_axi_buffer__parameterized0
INFO: [VRFC 10-311] analyzing module design_1_matmul_0_0_matmul_gmem_m_axi_fifo
INFO: [VRFC 10-311] analyzing module design_1_matmul_0_0_matmul_gmem_m_axi_fifo__parameterized0
INFO: [VRFC 10-311] analyzing module design_1_matmul_0_0_matmul_gmem_m_axi_fifo__parameterized0_2
INFO: [VRFC 10-311] analyzing module design_1_matmul_0_0_matmul_gmem_m_axi_fifo__parameterized1
INFO: [VRFC 10-311] analyzing module design_1_matmul_0_0_matmul_gmem_m_axi_fifo__parameterized1_1
INFO: [VRFC 10-311] analyzing module design_1_matmul_0_0_matmul_gmem_m_axi_fifo__parameterized2
INFO: [VRFC 10-311] analyzing module design_1_matmul_0_0_matmul_gmem_m_axi_read
INFO: [VRFC 10-311] analyzing module design_1_matmul_0_0_matmul_gmem_m_axi_reg_slice
INFO: [VRFC 10-311] analyzing module design_1_matmul_0_0_matmul_gmem_m_axi_reg_slice_3
INFO: [VRFC 10-311] analyzing module design_1_matmul_0_0_matmul_gmem_m_axi_reg_slice__parameterized0
INFO: [VRFC 10-311] analyzing module design_1_matmul_0_0_matmul_gmem_m_axi_throttle
INFO: [VRFC 10-311] analyzing module design_1_matmul_0_0_matmul_gmem_m_axi_write
INFO: [VRFC 10-311] analyzing module design_1_matmul_0_0_matmul_mac_muladd_7ns_8s_7ns_15_4_1
INFO: [VRFC 10-311] analyzing module design_1_matmul_0_0_matmul_mac_muladd_7ns_8s_7ns_15_4_1_DSP48_0
INFO: [VRFC 10-311] analyzing module design_1_matmul_0_0_matmul_mac_muladd_8s_8s_18s_18_4_1
INFO: [VRFC 10-311] analyzing module design_1_matmul_0_0_matmul_mac_muladd_8s_8s_18s_18_4_1_DSP48_1
INFO: [VRFC 10-311] analyzing module design_1_matmul_0_0_matmul_matmul_Pipeline_VITIS_LOOP_16_1
INFO: [VRFC 10-311] analyzing module design_1_matmul_0_0_matmul_matmul_Pipeline_VITIS_LOOP_20_2_VITIS_LOOP_21_3_VITIS_LOOP_22_4
INFO: [VRFC 10-311] analyzing module design_1_matmul_0_0_matmul_mul_7ns_8ns_15_1_1
INFO: [VRFC 10-311] analyzing module design_1_matmul_0_0_matmul_mul_8ns_8ns_16_1_1
INFO: [VRFC 10-311] analyzing module design_1_matmul_0_0_matmul_mul_mul_8ns_16ns_24_4_1
INFO: [VRFC 10-311] analyzing module design_1_matmul_0_0_matmul_mul_mul_8ns_16ns_24_4_1_DSP48_2
INFO: [VRFC 10-311] analyzing module design_1_pool_0_0
INFO: [VRFC 10-311] analyzing module design_1_pool_0_0_pool
INFO: [VRFC 10-311] analyzing module design_1_pool_0_0_pool_ama_addmuladd_6s_6s_6s_17s_17_4_1
INFO: [VRFC 10-311] analyzing module design_1_pool_0_0_pool_ama_addmuladd_6s_6s_6s_17s_17_4_1_DSP48_0
INFO: [VRFC 10-311] analyzing module design_1_pool_0_0_pool_control_s_axi
INFO: [VRFC 10-311] analyzing module design_1_pool_0_0_pool_flow_control_loop_pipe_sequential_init
INFO: [VRFC 10-311] analyzing module design_1_pool_0_0_pool_gmem_m_axi
INFO: [VRFC 10-311] analyzing module design_1_pool_0_0_pool_gmem_m_axi_buffer
INFO: [VRFC 10-311] analyzing module design_1_pool_0_0_pool_gmem_m_axi_buffer__parameterized0
INFO: [VRFC 10-311] analyzing module design_1_pool_0_0_pool_gmem_m_axi_fifo
INFO: [VRFC 10-311] analyzing module design_1_pool_0_0_pool_gmem_m_axi_fifo__parameterized0
INFO: [VRFC 10-311] analyzing module design_1_pool_0_0_pool_gmem_m_axi_fifo__parameterized0_5
INFO: [VRFC 10-311] analyzing module design_1_pool_0_0_pool_gmem_m_axi_fifo__parameterized1
INFO: [VRFC 10-311] analyzing module design_1_pool_0_0_pool_gmem_m_axi_fifo__parameterized1_4
INFO: [VRFC 10-311] analyzing module design_1_pool_0_0_pool_gmem_m_axi_fifo__parameterized2
INFO: [VRFC 10-311] analyzing module design_1_pool_0_0_pool_gmem_m_axi_read
INFO: [VRFC 10-311] analyzing module design_1_pool_0_0_pool_gmem_m_axi_reg_slice
INFO: [VRFC 10-311] analyzing module design_1_pool_0_0_pool_gmem_m_axi_reg_slice_6
INFO: [VRFC 10-311] analyzing module design_1_pool_0_0_pool_gmem_m_axi_reg_slice__parameterized0
INFO: [VRFC 10-311] analyzing module design_1_pool_0_0_pool_gmem_m_axi_throttle
INFO: [VRFC 10-311] analyzing module design_1_pool_0_0_pool_gmem_m_axi_write
INFO: [VRFC 10-311] analyzing module design_1_pool_0_0_pool_mul_5ns_6s_11_1_1
INFO: [VRFC 10-311] analyzing module design_1_pool_0_0_pool_mul_6s_6s_12_1_1
INFO: [VRFC 10-311] analyzing module design_1_pool_0_0_pool_mul_8s_8s_16_1_1
INFO: [VRFC 10-311] analyzing module design_1_pool_0_0_pool_mul_mul_11s_6s_16_4_1
INFO: [VRFC 10-311] analyzing module design_1_pool_0_0_pool_mul_mul_11s_6s_16_4_1_0
INFO: [VRFC 10-311] analyzing module design_1_pool_0_0_pool_mul_mul_11s_6s_16_4_1_DSP48_1
INFO: [VRFC 10-311] analyzing module design_1_pool_0_0_pool_mul_mul_11s_6s_16_4_1_DSP48_1_3
INFO: [VRFC 10-311] analyzing module design_1_pool_0_0_pool_pool_Pipeline_VITIS_LOOP_44_3_VITIS_LOOP_47_4
INFO: [VRFC 10-311] analyzing module design_1_pool_0_0_pool_sdiv_19ns_16s_18_23_seq_1
INFO: [VRFC 10-311] analyzing module design_1_pool_0_0_pool_sdiv_19ns_16s_18_23_seq_1_divseq
INFO: [VRFC 10-311] analyzing module design_1_pool_0_0_pool_sdiv_7s_8s_6_11_seq_1
INFO: [VRFC 10-311] analyzing module design_1_pool_0_0_pool_sdiv_7s_8s_6_11_seq_1_1
INFO: [VRFC 10-311] analyzing module design_1_pool_0_0_pool_sdiv_7s_8s_6_11_seq_1_divseq
INFO: [VRFC 10-311] analyzing module design_1_pool_0_0_pool_sdiv_7s_8s_6_11_seq_1_divseq_2
INFO: [VRFC 10-311] analyzing module design_1_processing_system7_0_0
INFO: [VRFC 10-311] analyzing module design_1_processing_system7_0_0_processing_system7_v5_5_processing_system7
INFO: [VRFC 10-311] analyzing module design_1_ps7_0_axi_periph_0
INFO: [VRFC 10-311] analyzing module design_1_quantization_0_0
INFO: [VRFC 10-311] analyzing module design_1_quantization_0_0_quantization
INFO: [VRFC 10-311] analyzing module design_1_quantization_0_0_quantization_control_s_axi
INFO: [VRFC 10-311] analyzing module design_1_quantization_0_0_quantization_gmem_m_axi
INFO: [VRFC 10-311] analyzing module design_1_quantization_0_0_quantization_gmem_m_axi_buffer
INFO: [VRFC 10-311] analyzing module design_1_quantization_0_0_quantization_gmem_m_axi_buffer__parameterized0
INFO: [VRFC 10-311] analyzing module design_1_quantization_0_0_quantization_gmem_m_axi_fifo
INFO: [VRFC 10-311] analyzing module design_1_quantization_0_0_quantization_gmem_m_axi_fifo__parameterized0
INFO: [VRFC 10-311] analyzing module design_1_quantization_0_0_quantization_gmem_m_axi_fifo__parameterized0_1
INFO: [VRFC 10-311] analyzing module design_1_quantization_0_0_quantization_gmem_m_axi_fifo__parameterized1
INFO: [VRFC 10-311] analyzing module design_1_quantization_0_0_quantization_gmem_m_axi_fifo__parameterized1_0
INFO: [VRFC 10-311] analyzing module design_1_quantization_0_0_quantization_gmem_m_axi_fifo__parameterized2
INFO: [VRFC 10-311] analyzing module design_1_quantization_0_0_quantization_gmem_m_axi_read
INFO: [VRFC 10-311] analyzing module design_1_quantization_0_0_quantization_gmem_m_axi_reg_slice
INFO: [VRFC 10-311] analyzing module design_1_quantization_0_0_quantization_gmem_m_axi_reg_slice_2
INFO: [VRFC 10-311] analyzing module design_1_quantization_0_0_quantization_gmem_m_axi_reg_slice__parameterized0
INFO: [VRFC 10-311] analyzing module design_1_quantization_0_0_quantization_gmem_m_axi_throttle
INFO: [VRFC 10-311] analyzing module design_1_quantization_0_0_quantization_gmem_m_axi_write
INFO: [VRFC 10-311] analyzing module design_1_relu_0_0
INFO: [VRFC 10-311] analyzing module design_1_relu_0_0_relu
INFO: [VRFC 10-311] analyzing module design_1_relu_0_0_relu_control_s_axi
INFO: [VRFC 10-311] analyzing module design_1_relu_0_0_relu_gmem_m_axi
INFO: [VRFC 10-311] analyzing module design_1_relu_0_0_relu_gmem_m_axi_buffer
INFO: [VRFC 10-311] analyzing module design_1_relu_0_0_relu_gmem_m_axi_buffer__parameterized0
INFO: [VRFC 10-311] analyzing module design_1_relu_0_0_relu_gmem_m_axi_fifo
INFO: [VRFC 10-311] analyzing module design_1_relu_0_0_relu_gmem_m_axi_fifo_0
INFO: [VRFC 10-311] analyzing module design_1_relu_0_0_relu_gmem_m_axi_fifo__parameterized0
INFO: [VRFC 10-311] analyzing module design_1_relu_0_0_relu_gmem_m_axi_fifo__parameterized0_2
INFO: [VRFC 10-311] analyzing module design_1_relu_0_0_relu_gmem_m_axi_fifo__parameterized1
INFO: [VRFC 10-311] analyzing module design_1_relu_0_0_relu_gmem_m_axi_fifo__parameterized1_1
INFO: [VRFC 10-311] analyzing module design_1_relu_0_0_relu_gmem_m_axi_fifo__parameterized2
INFO: [VRFC 10-311] analyzing module design_1_relu_0_0_relu_gmem_m_axi_read
INFO: [VRFC 10-311] analyzing module design_1_relu_0_0_relu_gmem_m_axi_reg_slice
INFO: [VRFC 10-311] analyzing module design_1_relu_0_0_relu_gmem_m_axi_reg_slice_3
INFO: [VRFC 10-311] analyzing module design_1_relu_0_0_relu_gmem_m_axi_reg_slice__parameterized0
INFO: [VRFC 10-311] analyzing module design_1_relu_0_0_relu_gmem_m_axi_throttle
INFO: [VRFC 10-311] analyzing module design_1_relu_0_0_relu_gmem_m_axi_write
INFO: [VRFC 10-311] analyzing module design_1_rst_ps7_0_50M_0
INFO: [VRFC 10-311] analyzing module design_1_rst_ps7_0_50M_0_cdc_sync
INFO: [VRFC 10-311] analyzing module design_1_rst_ps7_0_50M_0_cdc_sync_0
INFO: [VRFC 10-311] analyzing module design_1_rst_ps7_0_50M_0_lpf
INFO: [VRFC 10-311] analyzing module design_1_rst_ps7_0_50M_0_proc_sys_reset
INFO: [VRFC 10-311] analyzing module design_1_rst_ps7_0_50M_0_sequence_psr
INFO: [VRFC 10-311] analyzing module design_1_rst_ps7_0_50M_0_upcnt_n
INFO: [VRFC 10-311] analyzing module design_1_wrapper
INFO: [VRFC 10-311] analyzing module design_1_xbar_0
INFO: [VRFC 10-311] analyzing module design_1_xbar_0_axi_crossbar_v2_1_26_addr_arbiter_sasd
INFO: [VRFC 10-311] analyzing module design_1_xbar_0_axi_crossbar_v2_1_26_axi_crossbar
INFO: [VRFC 10-311] analyzing module design_1_xbar_0_axi_crossbar_v2_1_26_crossbar_sasd
INFO: [VRFC 10-311] analyzing module design_1_xbar_0_axi_crossbar_v2_1_26_decerr_slave
INFO: [VRFC 10-311] analyzing module design_1_xbar_0_axi_crossbar_v2_1_26_splitter
INFO: [VRFC 10-311] analyzing module design_1_xbar_0_axi_crossbar_v2_1_26_splitter__parameterized0
INFO: [VRFC 10-311] analyzing module design_1_xbar_0_axi_register_slice_v2_1_25_axic_register_slice
INFO: [VRFC 10-311] analyzing module design_1_xbar_1
INFO: [VRFC 10-311] analyzing module design_1_xbar_1_axi_crossbar_v2_1_26_addr_arbiter
INFO: [VRFC 10-311] analyzing module design_1_xbar_1_axi_crossbar_v2_1_26_addr_arbiter_0
INFO: [VRFC 10-311] analyzing module design_1_xbar_1_axi_crossbar_v2_1_26_axi_crossbar
INFO: [VRFC 10-311] analyzing module design_1_xbar_1_axi_crossbar_v2_1_26_crossbar
INFO: [VRFC 10-311] analyzing module design_1_xbar_1_axi_crossbar_v2_1_26_decerr_slave
INFO: [VRFC 10-311] analyzing module design_1_xbar_1_axi_crossbar_v2_1_26_si_transactor
INFO: [VRFC 10-311] analyzing module design_1_xbar_1_axi_crossbar_v2_1_26_si_transactor__parameterized0
INFO: [VRFC 10-311] analyzing module design_1_xbar_1_axi_crossbar_v2_1_26_si_transactor__parameterized1
INFO: [VRFC 10-311] analyzing module design_1_xbar_1_axi_crossbar_v2_1_26_si_transactor__parameterized10
INFO: [VRFC 10-311] analyzing module design_1_xbar_1_axi_crossbar_v2_1_26_si_transactor__parameterized2
INFO: [VRFC 10-311] analyzing module design_1_xbar_1_axi_crossbar_v2_1_26_si_transactor__parameterized3
INFO: [VRFC 10-311] analyzing module design_1_xbar_1_axi_crossbar_v2_1_26_si_transactor__parameterized4
INFO: [VRFC 10-311] analyzing module design_1_xbar_1_axi_crossbar_v2_1_26_si_transactor__parameterized5
INFO: [VRFC 10-311] analyzing module design_1_xbar_1_axi_crossbar_v2_1_26_si_transactor__parameterized6
INFO: [VRFC 10-311] analyzing module design_1_xbar_1_axi_crossbar_v2_1_26_si_transactor__parameterized7
INFO: [VRFC 10-311] analyzing module design_1_xbar_1_axi_crossbar_v2_1_26_si_transactor__parameterized8
INFO: [VRFC 10-311] analyzing module design_1_xbar_1_axi_crossbar_v2_1_26_si_transactor__parameterized9
INFO: [VRFC 10-311] analyzing module design_1_xbar_1_axi_crossbar_v2_1_26_splitter
INFO: [VRFC 10-311] analyzing module design_1_xbar_1_axi_crossbar_v2_1_26_splitter_10
INFO: [VRFC 10-311] analyzing module design_1_xbar_1_axi_crossbar_v2_1_26_splitter_12
INFO: [VRFC 10-311] analyzing module design_1_xbar_1_axi_crossbar_v2_1_26_splitter_2
INFO: [VRFC 10-311] analyzing module design_1_xbar_1_axi_crossbar_v2_1_26_splitter_4
INFO: [VRFC 10-311] analyzing module design_1_xbar_1_axi_crossbar_v2_1_26_splitter_6
INFO: [VRFC 10-311] analyzing module design_1_xbar_1_axi_crossbar_v2_1_26_splitter_8
INFO: [VRFC 10-311] analyzing module design_1_xbar_1_axi_crossbar_v2_1_26_wdata_mux
INFO: [VRFC 10-311] analyzing module design_1_xbar_1_axi_crossbar_v2_1_26_wdata_mux__parameterized0
INFO: [VRFC 10-311] analyzing module design_1_xbar_1_axi_crossbar_v2_1_26_wdata_router
INFO: [VRFC 10-311] analyzing module design_1_xbar_1_axi_crossbar_v2_1_26_wdata_router_11
INFO: [VRFC 10-311] analyzing module design_1_xbar_1_axi_crossbar_v2_1_26_wdata_router_3
INFO: [VRFC 10-311] analyzing module design_1_xbar_1_axi_crossbar_v2_1_26_wdata_router_5
INFO: [VRFC 10-311] analyzing module design_1_xbar_1_axi_crossbar_v2_1_26_wdata_router_7
INFO: [VRFC 10-311] analyzing module design_1_xbar_1_axi_crossbar_v2_1_26_wdata_router_9
INFO: [VRFC 10-311] analyzing module design_1_xbar_1_axi_data_fifo_v2_1_24_axic_reg_srl_fifo
INFO: [VRFC 10-311] analyzing module design_1_xbar_1_axi_data_fifo_v2_1_24_axic_reg_srl_fifo_13
INFO: [VRFC 10-311] analyzing module design_1_xbar_1_axi_data_fifo_v2_1_24_axic_reg_srl_fifo_15
INFO: [VRFC 10-311] analyzing module design_1_xbar_1_axi_data_fifo_v2_1_24_axic_reg_srl_fifo_17
INFO: [VRFC 10-311] analyzing module design_1_xbar_1_axi_data_fifo_v2_1_24_axic_reg_srl_fifo_19
INFO: [VRFC 10-311] analyzing module design_1_xbar_1_axi_data_fifo_v2_1_24_axic_reg_srl_fifo_21
INFO: [VRFC 10-311] analyzing module design_1_xbar_1_axi_data_fifo_v2_1_24_axic_reg_srl_fifo__parameterized0
INFO: [VRFC 10-311] analyzing module design_1_xbar_1_axi_data_fifo_v2_1_24_axic_reg_srl_fifo__parameterized1
INFO: [VRFC 10-311] analyzing module design_1_xbar_1_axi_data_fifo_v2_1_24_ndeep_srl__parameterized0
INFO: [VRFC 10-311] analyzing module design_1_xbar_1_axi_data_fifo_v2_1_24_ndeep_srl__parameterized0_14
INFO: [VRFC 10-311] analyzing module design_1_xbar_1_axi_data_fifo_v2_1_24_ndeep_srl__parameterized0_16
INFO: [VRFC 10-311] analyzing module design_1_xbar_1_axi_data_fifo_v2_1_24_ndeep_srl__parameterized0_18
INFO: [VRFC 10-311] analyzing module design_1_xbar_1_axi_data_fifo_v2_1_24_ndeep_srl__parameterized0_20
INFO: [VRFC 10-311] analyzing module design_1_xbar_1_axi_data_fifo_v2_1_24_ndeep_srl__parameterized0_22
INFO: [VRFC 10-311] analyzing module design_1_xbar_1_axi_data_fifo_v2_1_24_ndeep_srl__parameterized0_27
INFO: [VRFC 10-311] analyzing module design_1_xbar_1_axi_data_fifo_v2_1_24_ndeep_srl__parameterized0_28
INFO: [VRFC 10-311] analyzing module design_1_xbar_1_axi_data_fifo_v2_1_24_ndeep_srl__parameterized0_29
INFO: [VRFC 10-311] analyzing module design_1_xbar_1_axi_data_fifo_v2_1_24_ndeep_srl__parameterized1
INFO: [VRFC 10-311] analyzing module design_1_xbar_1_axi_data_fifo_v2_1_24_ndeep_srl__parameterized1_23
INFO: [VRFC 10-311] analyzing module design_1_xbar_1_axi_data_fifo_v2_1_24_ndeep_srl__parameterized1_24
INFO: [VRFC 10-311] analyzing module design_1_xbar_1_axi_register_slice_v2_1_25_axi_register_slice
INFO: [VRFC 10-311] analyzing module design_1_xbar_1_axi_register_slice_v2_1_25_axi_register_slice_1
INFO: [VRFC 10-311] analyzing module design_1_xbar_1_axi_register_slice_v2_1_25_axic_register_slice__parameterized1
INFO: [VRFC 10-311] analyzing module design_1_xbar_1_axi_register_slice_v2_1_25_axic_register_slice__parameterized1_25
INFO: [VRFC 10-311] analyzing module design_1_xbar_1_axi_register_slice_v2_1_25_axic_register_slice__parameterized2
INFO: [VRFC 10-311] analyzing module design_1_xbar_1_axi_register_slice_v2_1_25_axic_register_slice__parameterized2_26
INFO: [VRFC 10-311] analyzing module design_1_xbar_1_generic_baseblocks_v2_1_0_mux_enc__parameterized1
INFO: [VRFC 10-311] analyzing module m00_couplers_imp_1R706YB
INFO: [VRFC 10-311] analyzing module s00_couplers_imp_7HNO1D
INFO: [VRFC 10-311] analyzing module s00_couplers_imp_UYSKKA
INFO: [VRFC 10-311] analyzing module s01_couplers_imp_1W60HW0
INFO: [VRFC 10-311] analyzing module s02_couplers_imp_8NCF02
INFO: [VRFC 10-311] analyzing module s03_couplers_imp_1UQ1PUB
INFO: [VRFC 10-311] analyzing module s04_couplers_imp_4T8GAF
INFO: [VRFC 10-311] analyzing module s05_couplers_imp_1YHCGIE
INFO: [VRFC 10-311] analyzing module design_1_auto_pc_1_dmem
INFO: [VRFC 10-311] analyzing module design_1_auto_pc_1_dmem__parameterized0
INFO: [VRFC 10-311] analyzing module design_1_auto_pc_1_dmem__parameterized1
INFO: [VRFC 10-311] analyzing module design_1_auto_pc_1_fifo_generator_ramfifo
INFO: [VRFC 10-311] analyzing module design_1_auto_pc_1_fifo_generator_ramfifo__parameterized0
INFO: [VRFC 10-311] analyzing module design_1_auto_pc_1_fifo_generator_ramfifo__parameterized1
INFO: [VRFC 10-311] analyzing module design_1_auto_pc_1_fifo_generator_top
INFO: [VRFC 10-311] analyzing module design_1_auto_pc_1_fifo_generator_top__parameterized0
INFO: [VRFC 10-311] analyzing module design_1_auto_pc_1_fifo_generator_top__parameterized1
INFO: [VRFC 10-311] analyzing module design_1_auto_pc_1_fifo_generator_v13_2_6
INFO: [VRFC 10-311] analyzing module design_1_auto_pc_1_fifo_generator_v13_2_6__parameterized0
INFO: [VRFC 10-311] analyzing module design_1_auto_pc_1_fifo_generator_v13_2_6__parameterized1
INFO: [VRFC 10-311] analyzing module design_1_auto_pc_1_fifo_generator_v13_2_6_synth
INFO: [VRFC 10-311] analyzing module design_1_auto_pc_1_fifo_generator_v13_2_6_synth__parameterized0
INFO: [VRFC 10-311] analyzing module design_1_auto_pc_1_fifo_generator_v13_2_6_synth__parameterized1
INFO: [VRFC 10-311] analyzing module design_1_auto_pc_1_memory
INFO: [VRFC 10-311] analyzing module design_1_auto_pc_1_memory__parameterized0
INFO: [VRFC 10-311] analyzing module design_1_auto_pc_1_memory__parameterized1
INFO: [VRFC 10-311] analyzing module design_1_auto_pc_1_rd_bin_cntr
INFO: [VRFC 10-311] analyzing module design_1_auto_pc_1_rd_bin_cntr_13
INFO: [VRFC 10-311] analyzing module design_1_auto_pc_1_rd_bin_cntr_6
INFO: [VRFC 10-311] analyzing module design_1_auto_pc_1_rd_fwft
INFO: [VRFC 10-311] analyzing module design_1_auto_pc_1_rd_fwft_11
INFO: [VRFC 10-311] analyzing module design_1_auto_pc_1_rd_fwft_4
INFO: [VRFC 10-311] analyzing module design_1_auto_pc_1_rd_logic
INFO: [VRFC 10-311] analyzing module design_1_auto_pc_1_rd_logic_0
INFO: [VRFC 10-311] analyzing module design_1_auto_pc_1_rd_logic_7
INFO: [VRFC 10-311] analyzing module design_1_auto_pc_1_rd_status_flags_ss
INFO: [VRFC 10-311] analyzing module design_1_auto_pc_1_rd_status_flags_ss_12
INFO: [VRFC 10-311] analyzing module design_1_auto_pc_1_rd_status_flags_ss_5
INFO: [VRFC 10-311] analyzing module design_1_auto_pc_1_reset_blk_ramfifo
INFO: [VRFC 10-311] analyzing module design_1_auto_pc_1_reset_blk_ramfifo__xdcDup__1
INFO: [VRFC 10-311] analyzing module design_1_auto_pc_1_reset_blk_ramfifo__xdcDup__2
INFO: [VRFC 10-311] analyzing module design_1_auto_pc_1_wr_bin_cntr
INFO: [VRFC 10-311] analyzing module design_1_auto_pc_1_wr_bin_cntr_10
INFO: [VRFC 10-311] analyzing module design_1_auto_pc_1_wr_bin_cntr_3
INFO: [VRFC 10-311] analyzing module design_1_auto_pc_1_wr_logic
INFO: [VRFC 10-311] analyzing module design_1_auto_pc_1_wr_logic_1
INFO: [VRFC 10-311] analyzing module design_1_auto_pc_1_wr_logic_8
INFO: [VRFC 10-311] analyzing module design_1_auto_pc_1_wr_status_flags_ss
INFO: [VRFC 10-311] analyzing module design_1_auto_pc_1_wr_status_flags_ss_2
INFO: [VRFC 10-311] analyzing module design_1_auto_pc_1_wr_status_flags_ss_9
INFO: [VRFC 10-311] analyzing module glbl
