Copyright 1986-2021 Xilinx, Inc. All Rights Reserved.
------------------------------------------------------------------------------------
| Tool Version : Vivado v.2021.2 (win64) Build 3367213 Tue Oct 19 02:48:09 MDT 2021
| Date         : Thu Jan 20 16:11:20 2022
| Host         : LAPTOP-1OO1BSR3 running 64-bit major release  (build 9200)
| Command      : upgrade_project -migrate_output_products
| Project_Path : D:/PYNQÍêÕûÔ´Âë/source2/PYNQ/base/base.xpr
------------------------------------------------------------------------------------

Project Status Summary

1. Project IP Status
--------------------
This project contains 0 IP and 1 Block Designs.


1.1 Project IP Instances
+---------------------------+-------------------------+-------------------------------------+-------------------------------------+
| Instance Name             | Status                  | Reason                              | Recommendation                      |
+---------------------------+-------------------------+-------------------------------------+-------------------------------------+
| base_Conv_0_0             | Will be Migrated.       |                                     |                                     |
+---------------------------+-------------------------+-------------------------------------+-------------------------------------+
| base_Pool_0_0             | Will be Migrated.       |                                     |                                     |
+---------------------------+-------------------------+-------------------------------------+-------------------------------------+
| base_auto_pc_0            | Will be Migrated.       |                                     |                                     |
+---------------------------+-------------------------+-------------------------------------+-------------------------------------+
| base_auto_pc_1            | Will be Migrated.       |                                     |                                     |
+---------------------------+-------------------------+-------------------------------------+-------------------------------------+
| base_auto_pc_2            | Will be Migrated.       |                                     |                                     |
+---------------------------+-------------------------+-------------------------------------+-------------------------------------+
| base_auto_pc_3            | Will be Migrated.       |                                     |                                     |
+---------------------------+-------------------------+-------------------------------------+-------------------------------------+
| base_auto_pc_4            | Will be Migrated.       |                                     |                                     |
+---------------------------+-------------------------+-------------------------------------+-------------------------------------+
| base_auto_us_0            | Will be Migrated.       |                                     |                                     |
+---------------------------+-------------------------+-------------------------------------+-------------------------------------+
| base_auto_us_1            | Will be Migrated.       |                                     |                                     |
+---------------------------+-------------------------+-------------------------------------+-------------------------------------+
| base_auto_us_2            | Will be Migrated.       |                                     |                                     |
+---------------------------+-------------------------+-------------------------------------+-------------------------------------+
| base_auto_us_3            | Will be Migrated.       |                                     |                                     |
+---------------------------+-------------------------+-------------------------------------+-------------------------------------+
| base_axi_dma_0_0          | Will be Migrated.       |                                     |                                     |
+---------------------------+-------------------------+-------------------------------------+-------------------------------------+
| base_axi_gpio_0_0         | Will be Migrated.       |                                     |                                     |
+---------------------------+-------------------------+-------------------------------------+-------------------------------------+
| base_axi_mem_intercon_0   | Will be Migrated.       |                                     |                                     |
+---------------------------+-------------------------+-------------------------------------+-------------------------------------+
| base_axi_mem_intercon_1_0 | Will be Migrated.       |                                     |                                     |
+---------------------------+-------------------------+-------------------------------------+-------------------------------------+
| base_axi_mem_intercon_2_0 | Will be Migrated.       |                                     |                                     |
+---------------------------+-------------------------+-------------------------------------+-------------------------------------+
| base_axi_mem_intercon_3_0 | Will be Migrated.       |                                     |                                     |
+---------------------------+-------------------------+-------------------------------------+-------------------------------------+
| base_ps7_0_0              | Will be Migrated.       |                                     |                                     |
+---------------------------+-------------------------+-------------------------------------+-------------------------------------+
| base_ps7_0_axi_periph_0   | Will be Migrated.       |                                     |                                     |
+---------------------------+-------------------------+-------------------------------------+-------------------------------------+
| base_rst_ps7_0_100M_0     | Will be Migrated.       |                                     |                                     |
+---------------------------+-------------------------+-------------------------------------+-------------------------------------+
| base_xbar_0               | Will be Migrated.       |                                     |                                     |
+---------------------------+-------------------------+-------------------------------------+-------------------------------------+


1.2 Project Block Designs
+------+-------------------------+-------------------------------------+-------------------------------------+
| Desi | Status                  | Reason                              | Recommendation                      |
| Name |                         |                                     |                                     |
+------+-------------------------+-------------------------------------+-------------------------------------+
| base | Will be Migrated.       |                                     |                                     |
+------+-------------------------+-------------------------------------+-------------------------------------+



